0 1 1 l 1
0 0 0 l 1
1 _ ¢ r 2
2 1 x r 3
2 0 x r 9
3 1 1 r 3
3 0 0 r 3
3 _ _ l 4
4 0 0 l 5
4 1 1 l 5
5 1 1 l 6
6 0 0 l 6
6 1 1 l 6
6 x 1 * 7
7 1 1 l 8
8 1 1 * halt-accept
9 0 0 r 9
9 1 1 r 9
9 _ _ l 10
10 0 0 l 11
10 1 1 l 11
11 1 1 * halt-accept
11 0 0 l 12
12 0 0 l 12
12 1 1 l 12
12 x x r 13
13 1 x r 14
14 0 x r 15
15 y y r 15
15 0 y r 16
15 1 y r 19
15 _ _ * halt-accept
16 0 0 r 16
16 1 y r 17
17 0 0 r 17
17 1 y l 18
18 0 0 l 18
18 y y l 18
18 x x r 15
19 0 0 r 19
19 y y r 19
19 1 y l 20
20 0 0 l 20
20 y y l 20
20 x x r 21
21 1 1 r 21
21 y y r 21
21 0 y l 22
22 1 1 l 22
22 y y l 22
22 x x r 15
20 ¢ ¢ r 20
18 ¢ ¢ r 18
16 ¢ ¢ r 16
10 ¢ ¢ r 10
9 ¢ ¢ r 9
8 ¢ ¢ r 8
6 ¢ ¢ r 6
4 ¢ ¢ r 4
3 ¢ ¢ r 3
2 ¢ ¢ r 2
